-- additionalItems as schema
-- additional items match schema
SELECT is_jsonb_valid_draft_v7('{"items":[{}],"additionalItems":{"type":"integer"}}', '[null,2,3,4]');
 is_jsonb_valid_draft_v7 
-------------------------
 t
(1 row)

-- additional items do not match schema
SELECT is_jsonb_valid_draft_v7('{"items":[{}],"additionalItems":{"type":"integer"}}', '[null,2,3,"foo"]');
 is_jsonb_valid_draft_v7 
-------------------------
 f
(1 row)

-- when items is schema, additionalItems does nothing
-- valid with a array of type integers
SELECT is_jsonb_valid_draft_v7('{"items":{"type":"integer"},"additionalItems":{"type":"string"}}', '[1,2,3]');
 is_jsonb_valid_draft_v7 
-------------------------
 t
(1 row)

-- invalid with a array of mixed types
SELECT is_jsonb_valid_draft_v7('{"items":{"type":"integer"},"additionalItems":{"type":"string"}}', '[1,"2","3"]');
 is_jsonb_valid_draft_v7 
-------------------------
 f
(1 row)

-- when items is schema, boolean additionalItems does nothing
-- all items match schema
SELECT is_jsonb_valid_draft_v7('{"items":{},"additionalItems":false}', '[1,2,3,4,5]');
 is_jsonb_valid_draft_v7 
-------------------------
 t
(1 row)

-- array of items with no additionalItems permitted
-- empty array
SELECT is_jsonb_valid_draft_v7('{"items":[{},{},{}],"additionalItems":false}', '[]');
 is_jsonb_valid_draft_v7 
-------------------------
 t
(1 row)

-- fewer number of items present (1)
SELECT is_jsonb_valid_draft_v7('{"items":[{},{},{}],"additionalItems":false}', '[1]');
 is_jsonb_valid_draft_v7 
-------------------------
 t
(1 row)

-- fewer number of items present (2)
SELECT is_jsonb_valid_draft_v7('{"items":[{},{},{}],"additionalItems":false}', '[1,2]');
 is_jsonb_valid_draft_v7 
-------------------------
 t
(1 row)

-- equal number of items present
SELECT is_jsonb_valid_draft_v7('{"items":[{},{},{}],"additionalItems":false}', '[1,2,3]');
 is_jsonb_valid_draft_v7 
-------------------------
 t
(1 row)

-- additional items are not permitted
SELECT is_jsonb_valid_draft_v7('{"items":[{},{},{}],"additionalItems":false}', '[1,2,3,4]');
 is_jsonb_valid_draft_v7 
-------------------------
 f
(1 row)

-- additionalItems as false without items
-- items defaults to empty schema so everything is valid
SELECT is_jsonb_valid_draft_v7('{"additionalItems":false}', '[1,2,3,4,5]');
 is_jsonb_valid_draft_v7 
-------------------------
 t
(1 row)

-- ignores non-arrays
SELECT is_jsonb_valid_draft_v7('{"additionalItems":false}', '{"foo":"bar"}');
 is_jsonb_valid_draft_v7 
-------------------------
 t
(1 row)

-- additionalItems are allowed by default
-- only the first item is validated
SELECT is_jsonb_valid_draft_v7('{"items":[{"type":"integer"}]}', '[1,"foo",false]');
 is_jsonb_valid_draft_v7 
-------------------------
 t
(1 row)

-- additionalItems does not look in applicators, valid case
-- items defined in allOf are not examined
SELECT is_jsonb_valid_draft_v7('{"allOf":[{"items":[{"type":"integer"}]}],"additionalItems":{"type":"boolean"}}', '[1,null]');
 is_jsonb_valid_draft_v7 
-------------------------
 t
(1 row)

-- additionalItems does not look in applicators, invalid case
-- items defined in allOf are not examined
SELECT is_jsonb_valid_draft_v7('{"allOf":[{"items":[{"type":"integer"},{"type":"string"}]}],"items":[{"type":"integer"}],"additionalItems":{"type":"boolean"}}', '[1,"hello"]');
 is_jsonb_valid_draft_v7 
-------------------------
 f
(1 row)

-- items validation adjusts the starting index for additionalItems
-- valid items
SELECT is_jsonb_valid_draft_v7('{"items":[{"type":"string"}],"additionalItems":{"type":"integer"}}', '["x",2,3]');
 is_jsonb_valid_draft_v7 
-------------------------
 t
(1 row)

-- wrong type of second item
SELECT is_jsonb_valid_draft_v7('{"items":[{"type":"string"}],"additionalItems":{"type":"integer"}}', '["x","y"]');
 is_jsonb_valid_draft_v7 
-------------------------
 f
(1 row)

-- additionalItems with null instance elements
-- allows null elements
SELECT is_jsonb_valid_draft_v7('{"additionalItems":{"type":"null"}}', '[null]');
 is_jsonb_valid_draft_v7 
-------------------------
 t
(1 row)

