-- uniqueItems validation
-- unique array of integers is valid
SELECT is_jsonb_valid('{"uniqueItems":true}', '[1,2]');
 is_jsonb_valid 
----------------
 t
(1 row)

-- non-unique array of integers is invalid
SELECT is_jsonb_valid('{"uniqueItems":true}', '[1,1]');
 is_jsonb_valid 
----------------
 f
(1 row)

-- non-unique array of more than two integers is invalid
SELECT is_jsonb_valid('{"uniqueItems":true}', '[1,2,1]');
 is_jsonb_valid 
----------------
 f
(1 row)

-- numbers are unique if mathematically unequal
SELECT is_jsonb_valid('{"uniqueItems":true}', '[1,1,1]');
 is_jsonb_valid 
----------------
 f
(1 row)

-- false is not equal to zero
SELECT is_jsonb_valid('{"uniqueItems":true}', '[0,false]');
 is_jsonb_valid 
----------------
 t
(1 row)

-- true is not equal to one
SELECT is_jsonb_valid('{"uniqueItems":true}', '[1,true]');
 is_jsonb_valid 
----------------
 t
(1 row)

-- unique array of strings is valid
SELECT is_jsonb_valid('{"uniqueItems":true}', '["foo","bar","baz"]');
 is_jsonb_valid 
----------------
 t
(1 row)

-- non-unique array of strings is invalid
SELECT is_jsonb_valid('{"uniqueItems":true}', '["foo","bar","foo"]');
 is_jsonb_valid 
----------------
 f
(1 row)

-- unique array of objects is valid
SELECT is_jsonb_valid('{"uniqueItems":true}', '[{"foo":"bar"},{"foo":"baz"}]');
 is_jsonb_valid 
----------------
 t
(1 row)

-- non-unique array of objects is invalid
SELECT is_jsonb_valid('{"uniqueItems":true}', '[{"foo":"bar"},{"foo":"bar"}]');
 is_jsonb_valid 
----------------
 f
(1 row)

-- property order of array of objects is ignored
SELECT is_jsonb_valid('{"uniqueItems":true}', '[{"foo":"bar","bar":"foo"},{"bar":"foo","foo":"bar"}]');
 is_jsonb_valid 
----------------
 f
(1 row)

-- unique array of nested objects is valid
SELECT is_jsonb_valid('{"uniqueItems":true}', '[{"foo":{"bar":{"baz":true}}},{"foo":{"bar":{"baz":false}}}]');
 is_jsonb_valid 
----------------
 t
(1 row)

-- non-unique array of nested objects is invalid
SELECT is_jsonb_valid('{"uniqueItems":true}', '[{"foo":{"bar":{"baz":true}}},{"foo":{"bar":{"baz":true}}}]');
 is_jsonb_valid 
----------------
 f
(1 row)

-- unique array of arrays is valid
SELECT is_jsonb_valid('{"uniqueItems":true}', '[["foo"],["bar"]]');
 is_jsonb_valid 
----------------
 t
(1 row)

-- non-unique array of arrays is invalid
SELECT is_jsonb_valid('{"uniqueItems":true}', '[["foo"],["foo"]]');
 is_jsonb_valid 
----------------
 f
(1 row)

-- non-unique array of more than two arrays is invalid
SELECT is_jsonb_valid('{"uniqueItems":true}', '[["foo"],["bar"],["foo"]]');
 is_jsonb_valid 
----------------
 f
(1 row)

-- 1 and true are unique
SELECT is_jsonb_valid('{"uniqueItems":true}', '[1,true]');
 is_jsonb_valid 
----------------
 t
(1 row)

-- 0 and false are unique
SELECT is_jsonb_valid('{"uniqueItems":true}', '[0,false]');
 is_jsonb_valid 
----------------
 t
(1 row)

-- [1] and [true] are unique
SELECT is_jsonb_valid('{"uniqueItems":true}', '[[1],[true]]');
 is_jsonb_valid 
----------------
 t
(1 row)

-- [0] and [false] are unique
SELECT is_jsonb_valid('{"uniqueItems":true}', '[[0],[false]]');
 is_jsonb_valid 
----------------
 t
(1 row)

-- nested [1] and [true] are unique
SELECT is_jsonb_valid('{"uniqueItems":true}', '[[[1],"foo"],[[true],"foo"]]');
 is_jsonb_valid 
----------------
 t
(1 row)

-- nested [0] and [false] are unique
SELECT is_jsonb_valid('{"uniqueItems":true}', '[[[0],"foo"],[[false],"foo"]]');
 is_jsonb_valid 
----------------
 t
(1 row)

-- unique heterogeneous types are valid
SELECT is_jsonb_valid('{"uniqueItems":true}', '[{},[1],true,null,1,"{}"]');
 is_jsonb_valid 
----------------
 t
(1 row)

-- non-unique heterogeneous types are invalid
SELECT is_jsonb_valid('{"uniqueItems":true}', '[{},[1],true,null,{},1]');
 is_jsonb_valid 
----------------
 f
(1 row)

-- different objects are unique
SELECT is_jsonb_valid('{"uniqueItems":true}', '[{"a":1,"b":2},{"a":2,"b":1}]');
 is_jsonb_valid 
----------------
 t
(1 row)

-- objects are non-unique despite key order
SELECT is_jsonb_valid('{"uniqueItems":true}', '[{"a":1,"b":2},{"b":2,"a":1}]');
 is_jsonb_valid 
----------------
 f
(1 row)

-- {"a": false} and {"a": 0} are unique
SELECT is_jsonb_valid('{"uniqueItems":true}', '[{"a":false},{"a":0}]');
 is_jsonb_valid 
----------------
 t
(1 row)

-- {"a": true} and {"a": 1} are unique
SELECT is_jsonb_valid('{"uniqueItems":true}', '[{"a":true},{"a":1}]');
 is_jsonb_valid 
----------------
 t
(1 row)

-- uniqueItems with an array of items
-- [false, true] from items array is valid
SELECT is_jsonb_valid('{"items":[{"type":"boolean"},{"type":"boolean"}],"uniqueItems":true}', '[false,true]');
 is_jsonb_valid 
----------------
 t
(1 row)

-- [true, false] from items array is valid
SELECT is_jsonb_valid('{"items":[{"type":"boolean"},{"type":"boolean"}],"uniqueItems":true}', '[true,false]');
 is_jsonb_valid 
----------------
 t
(1 row)

-- [false, false] from items array is not valid
SELECT is_jsonb_valid('{"items":[{"type":"boolean"},{"type":"boolean"}],"uniqueItems":true}', '[false,false]');
 is_jsonb_valid 
----------------
 f
(1 row)

-- [true, true] from items array is not valid
SELECT is_jsonb_valid('{"items":[{"type":"boolean"},{"type":"boolean"}],"uniqueItems":true}', '[true,true]');
 is_jsonb_valid 
----------------
 f
(1 row)

-- unique array extended from [false, true] is valid
SELECT is_jsonb_valid('{"items":[{"type":"boolean"},{"type":"boolean"}],"uniqueItems":true}', '[false,true,"foo","bar"]');
 is_jsonb_valid 
----------------
 t
(1 row)

-- unique array extended from [true, false] is valid
SELECT is_jsonb_valid('{"items":[{"type":"boolean"},{"type":"boolean"}],"uniqueItems":true}', '[true,false,"foo","bar"]');
 is_jsonb_valid 
----------------
 t
(1 row)

-- non-unique array extended from [false, true] is not valid
SELECT is_jsonb_valid('{"items":[{"type":"boolean"},{"type":"boolean"}],"uniqueItems":true}', '[false,true,"foo","foo"]');
 is_jsonb_valid 
----------------
 f
(1 row)

-- non-unique array extended from [true, false] is not valid
SELECT is_jsonb_valid('{"items":[{"type":"boolean"},{"type":"boolean"}],"uniqueItems":true}', '[true,false,"foo","foo"]');
 is_jsonb_valid 
----------------
 f
(1 row)

-- uniqueItems with an array of items and additionalItems=false
-- [false, true] from items array is valid
SELECT is_jsonb_valid('{"items":[{"type":"boolean"},{"type":"boolean"}],"uniqueItems":true,"additionalItems":false}', '[false,true]');
 is_jsonb_valid 
----------------
 t
(1 row)

-- [true, false] from items array is valid
SELECT is_jsonb_valid('{"items":[{"type":"boolean"},{"type":"boolean"}],"uniqueItems":true,"additionalItems":false}', '[true,false]');
 is_jsonb_valid 
----------------
 t
(1 row)

-- [false, false] from items array is not valid
SELECT is_jsonb_valid('{"items":[{"type":"boolean"},{"type":"boolean"}],"uniqueItems":true,"additionalItems":false}', '[false,false]');
 is_jsonb_valid 
----------------
 f
(1 row)

-- [true, true] from items array is not valid
SELECT is_jsonb_valid('{"items":[{"type":"boolean"},{"type":"boolean"}],"uniqueItems":true,"additionalItems":false}', '[true,true]');
 is_jsonb_valid 
----------------
 f
(1 row)

-- extra items are invalid even if unique
SELECT is_jsonb_valid('{"items":[{"type":"boolean"},{"type":"boolean"}],"uniqueItems":true,"additionalItems":false}', '[false,true,null]');
 is_jsonb_valid 
----------------
 f
(1 row)

-- uniqueItems=false validation
-- unique array of integers is valid
SELECT is_jsonb_valid('{"uniqueItems":false}', '[1,2]');
 is_jsonb_valid 
----------------
 t
(1 row)

-- non-unique array of integers is valid
SELECT is_jsonb_valid('{"uniqueItems":false}', '[1,1]');
 is_jsonb_valid 
----------------
 t
(1 row)

-- numbers are unique if mathematically unequal
SELECT is_jsonb_valid('{"uniqueItems":false}', '[1,1,1]');
 is_jsonb_valid 
----------------
 t
(1 row)

-- false is not equal to zero
SELECT is_jsonb_valid('{"uniqueItems":false}', '[0,false]');
 is_jsonb_valid 
----------------
 t
(1 row)

-- true is not equal to one
SELECT is_jsonb_valid('{"uniqueItems":false}', '[1,true]');
 is_jsonb_valid 
----------------
 t
(1 row)

-- unique array of objects is valid
SELECT is_jsonb_valid('{"uniqueItems":false}', '[{"foo":"bar"},{"foo":"baz"}]');
 is_jsonb_valid 
----------------
 t
(1 row)

-- non-unique array of objects is valid
SELECT is_jsonb_valid('{"uniqueItems":false}', '[{"foo":"bar"},{"foo":"bar"}]');
 is_jsonb_valid 
----------------
 t
(1 row)

-- unique array of nested objects is valid
SELECT is_jsonb_valid('{"uniqueItems":false}', '[{"foo":{"bar":{"baz":true}}},{"foo":{"bar":{"baz":false}}}]');
 is_jsonb_valid 
----------------
 t
(1 row)

-- non-unique array of nested objects is valid
SELECT is_jsonb_valid('{"uniqueItems":false}', '[{"foo":{"bar":{"baz":true}}},{"foo":{"bar":{"baz":true}}}]');
 is_jsonb_valid 
----------------
 t
(1 row)

-- unique array of arrays is valid
SELECT is_jsonb_valid('{"uniqueItems":false}', '[["foo"],["bar"]]');
 is_jsonb_valid 
----------------
 t
(1 row)

-- non-unique array of arrays is valid
SELECT is_jsonb_valid('{"uniqueItems":false}', '[["foo"],["foo"]]');
 is_jsonb_valid 
----------------
 t
(1 row)

-- 1 and true are unique
SELECT is_jsonb_valid('{"uniqueItems":false}', '[1,true]');
 is_jsonb_valid 
----------------
 t
(1 row)

-- 0 and false are unique
SELECT is_jsonb_valid('{"uniqueItems":false}', '[0,false]');
 is_jsonb_valid 
----------------
 t
(1 row)

-- unique heterogeneous types are valid
SELECT is_jsonb_valid('{"uniqueItems":false}', '[{},[1],true,null,1]');
 is_jsonb_valid 
----------------
 t
(1 row)

-- non-unique heterogeneous types are valid
SELECT is_jsonb_valid('{"uniqueItems":false}', '[{},[1],true,null,{},1]');
 is_jsonb_valid 
----------------
 t
(1 row)

-- uniqueItems=false with an array of items
-- [false, true] from items array is valid
SELECT is_jsonb_valid('{"items":[{"type":"boolean"},{"type":"boolean"}],"uniqueItems":false}', '[false,true]');
 is_jsonb_valid 
----------------
 t
(1 row)

-- [true, false] from items array is valid
SELECT is_jsonb_valid('{"items":[{"type":"boolean"},{"type":"boolean"}],"uniqueItems":false}', '[true,false]');
 is_jsonb_valid 
----------------
 t
(1 row)

-- [false, false] from items array is valid
SELECT is_jsonb_valid('{"items":[{"type":"boolean"},{"type":"boolean"}],"uniqueItems":false}', '[false,false]');
 is_jsonb_valid 
----------------
 t
(1 row)

-- [true, true] from items array is valid
SELECT is_jsonb_valid('{"items":[{"type":"boolean"},{"type":"boolean"}],"uniqueItems":false}', '[true,true]');
 is_jsonb_valid 
----------------
 t
(1 row)

-- unique array extended from [false, true] is valid
SELECT is_jsonb_valid('{"items":[{"type":"boolean"},{"type":"boolean"}],"uniqueItems":false}', '[false,true,"foo","bar"]');
 is_jsonb_valid 
----------------
 t
(1 row)

-- unique array extended from [true, false] is valid
SELECT is_jsonb_valid('{"items":[{"type":"boolean"},{"type":"boolean"}],"uniqueItems":false}', '[true,false,"foo","bar"]');
 is_jsonb_valid 
----------------
 t
(1 row)

-- non-unique array extended from [false, true] is valid
SELECT is_jsonb_valid('{"items":[{"type":"boolean"},{"type":"boolean"}],"uniqueItems":false}', '[false,true,"foo","foo"]');
 is_jsonb_valid 
----------------
 t
(1 row)

-- non-unique array extended from [true, false] is valid
SELECT is_jsonb_valid('{"items":[{"type":"boolean"},{"type":"boolean"}],"uniqueItems":false}', '[true,false,"foo","foo"]');
 is_jsonb_valid 
----------------
 t
(1 row)

-- uniqueItems=false with an array of items and additionalItems=false
-- [false, true] from items array is valid
SELECT is_jsonb_valid('{"items":[{"type":"boolean"},{"type":"boolean"}],"uniqueItems":false,"additionalItems":false}', '[false,true]');
 is_jsonb_valid 
----------------
 t
(1 row)

-- [true, false] from items array is valid
SELECT is_jsonb_valid('{"items":[{"type":"boolean"},{"type":"boolean"}],"uniqueItems":false,"additionalItems":false}', '[true,false]');
 is_jsonb_valid 
----------------
 t
(1 row)

-- [false, false] from items array is valid
SELECT is_jsonb_valid('{"items":[{"type":"boolean"},{"type":"boolean"}],"uniqueItems":false,"additionalItems":false}', '[false,false]');
 is_jsonb_valid 
----------------
 t
(1 row)

-- [true, true] from items array is valid
SELECT is_jsonb_valid('{"items":[{"type":"boolean"},{"type":"boolean"}],"uniqueItems":false,"additionalItems":false}', '[true,true]');
 is_jsonb_valid 
----------------
 t
(1 row)

-- extra items are invalid even if unique
SELECT is_jsonb_valid('{"items":[{"type":"boolean"},{"type":"boolean"}],"uniqueItems":false,"additionalItems":false}', '[false,true,null]');
 is_jsonb_valid 
----------------
 f
(1 row)

