-- minProperties validation
-- longer is valid
SELECT is_jsonb_valid_draft_v7('{"minProperties":1}', '{"foo":1,"bar":2}');
 is_jsonb_valid_draft_v7 
-------------------------
 t
(1 row)

-- exact length is valid
SELECT is_jsonb_valid_draft_v7('{"minProperties":1}', '{"foo":1}');
 is_jsonb_valid_draft_v7 
-------------------------
 t
(1 row)

-- too short is invalid
SELECT is_jsonb_valid_draft_v7('{"minProperties":1}', '{}');
 is_jsonb_valid_draft_v7 
-------------------------
 f
(1 row)

-- ignores arrays
SELECT is_jsonb_valid_draft_v7('{"minProperties":1}', '[]');
 is_jsonb_valid_draft_v7 
-------------------------
 t
(1 row)

-- ignores strings
SELECT is_jsonb_valid_draft_v7('{"minProperties":1}', '""');
 is_jsonb_valid_draft_v7 
-------------------------
 t
(1 row)

-- ignores other non-objects
SELECT is_jsonb_valid_draft_v7('{"minProperties":1}', '12');
 is_jsonb_valid_draft_v7 
-------------------------
 t
(1 row)

-- minProperties validation with a decimal
-- longer is valid
SELECT is_jsonb_valid_draft_v7('{"minProperties":1}', '{"foo":1,"bar":2}');
 is_jsonb_valid_draft_v7 
-------------------------
 t
(1 row)

-- too short is invalid
SELECT is_jsonb_valid_draft_v7('{"minProperties":1}', '{}');
 is_jsonb_valid_draft_v7 
-------------------------
 f
(1 row)

