-- integer type matches integers
-- an integer is an integer
SELECT is_jsonb_valid_draft_v7('{"type":"integer"}', '1');
 is_jsonb_valid_draft_v7 
-------------------------
 t
(1 row)

-- a float with zero fractional part is an integer
SELECT is_jsonb_valid_draft_v7('{"type":"integer"}', '1');
 is_jsonb_valid_draft_v7 
-------------------------
 t
(1 row)

-- a float is not an integer
SELECT is_jsonb_valid_draft_v7('{"type":"integer"}', '1.1');
 is_jsonb_valid_draft_v7 
-------------------------
 f
(1 row)

-- a string is not an integer
SELECT is_jsonb_valid_draft_v7('{"type":"integer"}', '"foo"');
 is_jsonb_valid_draft_v7 
-------------------------
 f
(1 row)

-- a string is still not an integer, even if it looks like one
SELECT is_jsonb_valid_draft_v7('{"type":"integer"}', '"1"');
 is_jsonb_valid_draft_v7 
-------------------------
 f
(1 row)

-- an object is not an integer
SELECT is_jsonb_valid_draft_v7('{"type":"integer"}', '{}');
 is_jsonb_valid_draft_v7 
-------------------------
 f
(1 row)

-- an array is not an integer
SELECT is_jsonb_valid_draft_v7('{"type":"integer"}', '[]');
 is_jsonb_valid_draft_v7 
-------------------------
 f
(1 row)

-- a boolean is not an integer
SELECT is_jsonb_valid_draft_v7('{"type":"integer"}', 'true');
 is_jsonb_valid_draft_v7 
-------------------------
 f
(1 row)

-- null is not an integer
SELECT is_jsonb_valid_draft_v7('{"type":"integer"}', 'null');
 is_jsonb_valid_draft_v7 
-------------------------
 f
(1 row)

-- number type matches numbers
-- an integer is a number
SELECT is_jsonb_valid_draft_v7('{"type":"number"}', '1');
 is_jsonb_valid_draft_v7 
-------------------------
 t
(1 row)

-- a float with zero fractional part is a number (and an integer)
SELECT is_jsonb_valid_draft_v7('{"type":"number"}', '1');
 is_jsonb_valid_draft_v7 
-------------------------
 t
(1 row)

-- a float is a number
SELECT is_jsonb_valid_draft_v7('{"type":"number"}', '1.1');
 is_jsonb_valid_draft_v7 
-------------------------
 t
(1 row)

-- a string is not a number
SELECT is_jsonb_valid_draft_v7('{"type":"number"}', '"foo"');
 is_jsonb_valid_draft_v7 
-------------------------
 f
(1 row)

-- a string is still not a number, even if it looks like one
SELECT is_jsonb_valid_draft_v7('{"type":"number"}', '"1"');
 is_jsonb_valid_draft_v7 
-------------------------
 f
(1 row)

-- an object is not a number
SELECT is_jsonb_valid_draft_v7('{"type":"number"}', '{}');
 is_jsonb_valid_draft_v7 
-------------------------
 f
(1 row)

-- an array is not a number
SELECT is_jsonb_valid_draft_v7('{"type":"number"}', '[]');
 is_jsonb_valid_draft_v7 
-------------------------
 f
(1 row)

-- a boolean is not a number
SELECT is_jsonb_valid_draft_v7('{"type":"number"}', 'true');
 is_jsonb_valid_draft_v7 
-------------------------
 f
(1 row)

-- null is not a number
SELECT is_jsonb_valid_draft_v7('{"type":"number"}', 'null');
 is_jsonb_valid_draft_v7 
-------------------------
 f
(1 row)

-- string type matches strings
-- 1 is not a string
SELECT is_jsonb_valid_draft_v7('{"type":"string"}', '1');
 is_jsonb_valid_draft_v7 
-------------------------
 f
(1 row)

-- a float is not a string
SELECT is_jsonb_valid_draft_v7('{"type":"string"}', '1.1');
 is_jsonb_valid_draft_v7 
-------------------------
 f
(1 row)

-- a string is a string
SELECT is_jsonb_valid_draft_v7('{"type":"string"}', '"foo"');
 is_jsonb_valid_draft_v7 
-------------------------
 t
(1 row)

-- a string is still a string, even if it looks like a number
SELECT is_jsonb_valid_draft_v7('{"type":"string"}', '"1"');
 is_jsonb_valid_draft_v7 
-------------------------
 t
(1 row)

-- an empty string is still a string
SELECT is_jsonb_valid_draft_v7('{"type":"string"}', '""');
 is_jsonb_valid_draft_v7 
-------------------------
 t
(1 row)

-- an object is not a string
SELECT is_jsonb_valid_draft_v7('{"type":"string"}', '{}');
 is_jsonb_valid_draft_v7 
-------------------------
 f
(1 row)

-- an array is not a string
SELECT is_jsonb_valid_draft_v7('{"type":"string"}', '[]');
 is_jsonb_valid_draft_v7 
-------------------------
 f
(1 row)

-- a boolean is not a string
SELECT is_jsonb_valid_draft_v7('{"type":"string"}', 'true');
 is_jsonb_valid_draft_v7 
-------------------------
 f
(1 row)

-- null is not a string
SELECT is_jsonb_valid_draft_v7('{"type":"string"}', 'null');
 is_jsonb_valid_draft_v7 
-------------------------
 f
(1 row)

-- object type matches objects
-- an integer is not an object
SELECT is_jsonb_valid_draft_v7('{"type":"object"}', '1');
 is_jsonb_valid_draft_v7 
-------------------------
 f
(1 row)

-- a float is not an object
SELECT is_jsonb_valid_draft_v7('{"type":"object"}', '1.1');
 is_jsonb_valid_draft_v7 
-------------------------
 f
(1 row)

-- a string is not an object
SELECT is_jsonb_valid_draft_v7('{"type":"object"}', '"foo"');
 is_jsonb_valid_draft_v7 
-------------------------
 f
(1 row)

-- an object is an object
SELECT is_jsonb_valid_draft_v7('{"type":"object"}', '{}');
 is_jsonb_valid_draft_v7 
-------------------------
 t
(1 row)

-- an array is not an object
SELECT is_jsonb_valid_draft_v7('{"type":"object"}', '[]');
 is_jsonb_valid_draft_v7 
-------------------------
 f
(1 row)

-- a boolean is not an object
SELECT is_jsonb_valid_draft_v7('{"type":"object"}', 'true');
 is_jsonb_valid_draft_v7 
-------------------------
 f
(1 row)

-- null is not an object
SELECT is_jsonb_valid_draft_v7('{"type":"object"}', 'null');
 is_jsonb_valid_draft_v7 
-------------------------
 f
(1 row)

-- array type matches arrays
-- an integer is not an array
SELECT is_jsonb_valid_draft_v7('{"type":"array"}', '1');
 is_jsonb_valid_draft_v7 
-------------------------
 f
(1 row)

-- a float is not an array
SELECT is_jsonb_valid_draft_v7('{"type":"array"}', '1.1');
 is_jsonb_valid_draft_v7 
-------------------------
 f
(1 row)

-- a string is not an array
SELECT is_jsonb_valid_draft_v7('{"type":"array"}', '"foo"');
 is_jsonb_valid_draft_v7 
-------------------------
 f
(1 row)

-- an object is not an array
SELECT is_jsonb_valid_draft_v7('{"type":"array"}', '{}');
 is_jsonb_valid_draft_v7 
-------------------------
 f
(1 row)

-- an array is an array
SELECT is_jsonb_valid_draft_v7('{"type":"array"}', '[]');
 is_jsonb_valid_draft_v7 
-------------------------
 t
(1 row)

-- a boolean is not an array
SELECT is_jsonb_valid_draft_v7('{"type":"array"}', 'true');
 is_jsonb_valid_draft_v7 
-------------------------
 f
(1 row)

-- null is not an array
SELECT is_jsonb_valid_draft_v7('{"type":"array"}', 'null');
 is_jsonb_valid_draft_v7 
-------------------------
 f
(1 row)

-- boolean type matches booleans
-- an integer is not a boolean
SELECT is_jsonb_valid_draft_v7('{"type":"boolean"}', '1');
 is_jsonb_valid_draft_v7 
-------------------------
 f
(1 row)

-- zero is not a boolean
SELECT is_jsonb_valid_draft_v7('{"type":"boolean"}', '0');
 is_jsonb_valid_draft_v7 
-------------------------
 f
(1 row)

-- a float is not a boolean
SELECT is_jsonb_valid_draft_v7('{"type":"boolean"}', '1.1');
 is_jsonb_valid_draft_v7 
-------------------------
 f
(1 row)

-- a string is not a boolean
SELECT is_jsonb_valid_draft_v7('{"type":"boolean"}', '"foo"');
 is_jsonb_valid_draft_v7 
-------------------------
 f
(1 row)

-- an empty string is not a boolean
SELECT is_jsonb_valid_draft_v7('{"type":"boolean"}', '""');
 is_jsonb_valid_draft_v7 
-------------------------
 f
(1 row)

-- an object is not a boolean
SELECT is_jsonb_valid_draft_v7('{"type":"boolean"}', '{}');
 is_jsonb_valid_draft_v7 
-------------------------
 f
(1 row)

-- an array is not a boolean
SELECT is_jsonb_valid_draft_v7('{"type":"boolean"}', '[]');
 is_jsonb_valid_draft_v7 
-------------------------
 f
(1 row)

-- true is a boolean
SELECT is_jsonb_valid_draft_v7('{"type":"boolean"}', 'true');
 is_jsonb_valid_draft_v7 
-------------------------
 t
(1 row)

-- false is a boolean
SELECT is_jsonb_valid_draft_v7('{"type":"boolean"}', 'false');
 is_jsonb_valid_draft_v7 
-------------------------
 t
(1 row)

-- null is not a boolean
SELECT is_jsonb_valid_draft_v7('{"type":"boolean"}', 'null');
 is_jsonb_valid_draft_v7 
-------------------------
 f
(1 row)

-- null type matches only the null object
-- an integer is not null
SELECT is_jsonb_valid_draft_v7('{"type":"null"}', '1');
 is_jsonb_valid_draft_v7 
-------------------------
 f
(1 row)

-- a float is not null
SELECT is_jsonb_valid_draft_v7('{"type":"null"}', '1.1');
 is_jsonb_valid_draft_v7 
-------------------------
 f
(1 row)

-- zero is not null
SELECT is_jsonb_valid_draft_v7('{"type":"null"}', '0');
 is_jsonb_valid_draft_v7 
-------------------------
 f
(1 row)

-- a string is not null
SELECT is_jsonb_valid_draft_v7('{"type":"null"}', '"foo"');
 is_jsonb_valid_draft_v7 
-------------------------
 f
(1 row)

-- an empty string is not null
SELECT is_jsonb_valid_draft_v7('{"type":"null"}', '""');
 is_jsonb_valid_draft_v7 
-------------------------
 f
(1 row)

-- an object is not null
SELECT is_jsonb_valid_draft_v7('{"type":"null"}', '{}');
 is_jsonb_valid_draft_v7 
-------------------------
 f
(1 row)

-- an array is not null
SELECT is_jsonb_valid_draft_v7('{"type":"null"}', '[]');
 is_jsonb_valid_draft_v7 
-------------------------
 f
(1 row)

-- true is not null
SELECT is_jsonb_valid_draft_v7('{"type":"null"}', 'true');
 is_jsonb_valid_draft_v7 
-------------------------
 f
(1 row)

-- false is not null
SELECT is_jsonb_valid_draft_v7('{"type":"null"}', 'false');
 is_jsonb_valid_draft_v7 
-------------------------
 f
(1 row)

-- null is null
SELECT is_jsonb_valid_draft_v7('{"type":"null"}', 'null');
 is_jsonb_valid_draft_v7 
-------------------------
 t
(1 row)

-- multiple types can be specified in an array
-- an integer is valid
SELECT is_jsonb_valid_draft_v7('{"type":["integer","string"]}', '1');
 is_jsonb_valid_draft_v7 
-------------------------
 t
(1 row)

-- a string is valid
SELECT is_jsonb_valid_draft_v7('{"type":["integer","string"]}', '"foo"');
 is_jsonb_valid_draft_v7 
-------------------------
 t
(1 row)

-- a float is invalid
SELECT is_jsonb_valid_draft_v7('{"type":["integer","string"]}', '1.1');
 is_jsonb_valid_draft_v7 
-------------------------
 f
(1 row)

-- an object is invalid
SELECT is_jsonb_valid_draft_v7('{"type":["integer","string"]}', '{}');
 is_jsonb_valid_draft_v7 
-------------------------
 f
(1 row)

-- an array is invalid
SELECT is_jsonb_valid_draft_v7('{"type":["integer","string"]}', '[]');
 is_jsonb_valid_draft_v7 
-------------------------
 f
(1 row)

-- a boolean is invalid
SELECT is_jsonb_valid_draft_v7('{"type":["integer","string"]}', 'true');
 is_jsonb_valid_draft_v7 
-------------------------
 f
(1 row)

-- null is invalid
SELECT is_jsonb_valid_draft_v7('{"type":["integer","string"]}', 'null');
 is_jsonb_valid_draft_v7 
-------------------------
 f
(1 row)

-- type as array with one item
-- string is valid
SELECT is_jsonb_valid_draft_v7('{"type":["string"]}', '"foo"');
 is_jsonb_valid_draft_v7 
-------------------------
 t
(1 row)

-- number is invalid
SELECT is_jsonb_valid_draft_v7('{"type":["string"]}', '123');
 is_jsonb_valid_draft_v7 
-------------------------
 f
(1 row)

-- type: array or object
-- array is valid
SELECT is_jsonb_valid_draft_v7('{"type":["array","object"]}', '[1,2,3]');
 is_jsonb_valid_draft_v7 
-------------------------
 t
(1 row)

-- object is valid
SELECT is_jsonb_valid_draft_v7('{"type":["array","object"]}', '{"foo":123}');
 is_jsonb_valid_draft_v7 
-------------------------
 t
(1 row)

-- number is invalid
SELECT is_jsonb_valid_draft_v7('{"type":["array","object"]}', '123');
 is_jsonb_valid_draft_v7 
-------------------------
 f
(1 row)

-- string is invalid
SELECT is_jsonb_valid_draft_v7('{"type":["array","object"]}', '"foo"');
 is_jsonb_valid_draft_v7 
-------------------------
 f
(1 row)

-- null is invalid
SELECT is_jsonb_valid_draft_v7('{"type":["array","object"]}', 'null');
 is_jsonb_valid_draft_v7 
-------------------------
 f
(1 row)

-- type: array, object or null
-- array is valid
SELECT is_jsonb_valid_draft_v7('{"type":["array","object","null"]}', '[1,2,3]');
 is_jsonb_valid_draft_v7 
-------------------------
 t
(1 row)

-- object is valid
SELECT is_jsonb_valid_draft_v7('{"type":["array","object","null"]}', '{"foo":123}');
 is_jsonb_valid_draft_v7 
-------------------------
 t
(1 row)

-- null is valid
SELECT is_jsonb_valid_draft_v7('{"type":["array","object","null"]}', 'null');
 is_jsonb_valid_draft_v7 
-------------------------
 t
(1 row)

-- number is invalid
SELECT is_jsonb_valid_draft_v7('{"type":["array","object","null"]}', '123');
 is_jsonb_valid_draft_v7 
-------------------------
 f
(1 row)

-- string is invalid
SELECT is_jsonb_valid_draft_v7('{"type":["array","object","null"]}', '"foo"');
 is_jsonb_valid_draft_v7 
-------------------------
 f
(1 row)

